2019-03-02 12:59:03.885 [info] <0.43.0> Application lager started on node nonode@nohost
2019-03-02 12:59:03.890 [info] <0.43.0> Application xmerl started on node nonode@nohost
2019-03-02 12:59:03.891 [info] <0.43.0> Application jsx started on node nonode@nohost
2019-03-02 12:59:03.893 [info] <0.43.0> Application ranch_proxy_protocol started on node nonode@nohost
2019-03-02 12:59:03.894 [info] <0.43.0> Application recon started on node nonode@nohost
2019-03-02 12:59:03.894 [info] <0.43.0> Application rabbit_common started on node nonode@nohost
2019-03-02 12:59:03.900 [info] <0.43.0> Application amqp_client started on node nonode@nohost
2019-03-02 12:59:03.900 [info] <0.43.0> Application amqp started on node nonode@nohost
2019-03-02 12:59:03.900 [info] <0.43.0> Application gen_rmq started on node nonode@nohost
2019-03-02 12:59:03.900 [error] <0.1301.0> Supervisor 'Elixir.ElasticConsumer.Supervisor' had child 'Elixir.ElasticConsumer' started with 'Elixir.ElasticConsumer':start_link() at undefined exit with reason {'EXIT',{undef,[{'Elixir.ElasticConsumer',start_link,[],[]},{supervisor,do_start_child_i,3,[{file,"supervisor.erl"},{line,379}]},{supervisor,do_start_child,2,[{file,"supervisor.erl"},{line,365}]},{supervisor,'-start_children/2-fun-0-',3,[{file,"supervisor.erl"},{line,349}]},{supervisor,children_map,4,[{file,"supervisor.erl"},{line,1157}]},{supervisor,init_children,2,[{file,"supervisor.erl"},{line,315}]},{gen_server,init_it,2,[{file,"gen_server.erl"},{line,374}]},{gen_server,init_it,6,[{file,...},...]}]}} in context start_error
2019-03-02 13:00:27.744 [info] <0.43.0> Application lager started on node nonode@nohost
2019-03-02 13:00:27.749 [info] <0.43.0> Application xmerl started on node nonode@nohost
2019-03-02 13:00:27.751 [info] <0.43.0> Application jsx started on node nonode@nohost
2019-03-02 13:00:27.752 [info] <0.43.0> Application ranch_proxy_protocol started on node nonode@nohost
2019-03-02 13:00:27.753 [info] <0.43.0> Application recon started on node nonode@nohost
2019-03-02 13:00:27.754 [info] <0.43.0> Application rabbit_common started on node nonode@nohost
2019-03-02 13:00:27.762 [info] <0.43.0> Application amqp_client started on node nonode@nohost
2019-03-02 13:00:27.762 [info] <0.43.0> Application amqp started on node nonode@nohost
2019-03-02 13:00:27.762 [info] <0.43.0> Application gen_rmq started on node nonode@nohost
2019-03-02 13:00:27.766 [error] <0.300.0>@Elixir.ElasticConsumer:init Supervisor 'Elixir.ElasticConsumer.Supervisor' had child 'Elixir.ElasticConsumer' started with 'Elixir.ElasticConsumer':start_link() at undefined exit with reason call to undefined function 'Elixir.ElasticConsumer':init([{name,'Elixir.ElasticConsumer'}]) in context start_error
2019-03-02 13:00:27.767 [error] <0.298.0> CRASH REPORT Process <0.298.0> with 0 neighbours exited with reason: {{shutdown,{failed_to_start_child,'Elixir.ElasticConsumer',{undef,[{'Elixir.ElasticConsumer',init,[[{name,'Elixir.ElasticConsumer'}]],[]},{gen_server,init_it,2,[{file,"gen_server.erl"},{line,374}]},{gen_server,init_it,6,[{file,"gen_server.erl"},{line,342}]},{proc_lib,init_p_do_apply,3,[{file,"proc_lib.erl"},{line,249}]}]}}},{'Elixir.ElasticConsumer.Application',start,[normal,[]]}} in application_master:init/4 line 138
2019-03-02 13:00:59.735 [info] <0.43.0> Application lager started on node nonode@nohost
2019-03-02 13:00:59.740 [info] <0.43.0> Application xmerl started on node nonode@nohost
2019-03-02 13:00:59.742 [info] <0.43.0> Application jsx started on node nonode@nohost
2019-03-02 13:00:59.743 [info] <0.43.0> Application ranch_proxy_protocol started on node nonode@nohost
2019-03-02 13:00:59.744 [info] <0.43.0> Application recon started on node nonode@nohost
2019-03-02 13:00:59.744 [info] <0.43.0> Application rabbit_common started on node nonode@nohost
2019-03-02 13:00:59.750 [info] <0.43.0> Application amqp_client started on node nonode@nohost
2019-03-02 13:00:59.750 [info] <0.43.0> Application amqp started on node nonode@nohost
2019-03-02 13:00:59.750 [info] <0.43.0> Application gen_rmq started on node nonode@nohost
2019-03-02 13:01:00.064 [error] <0.301.0>@gen_server:init_it:366 CRASH REPORT Process <0.301.0> with 0 neighbours exited with reason: bad return value: [{queue,<<"tweets">>},{exchange,<<"twitter">>},{routing_key,<<>>},{prefetch_count,<<"10">>},{uri,<<"amqp://user:bitnami@localhost:5672">>}] in gen_server:init_it/6 line 366
2019-03-02 13:01:00.067 [error] <0.300.0> Supervisor 'Elixir.ElasticConsumer.Supervisor' had child 'Elixir.ElasticConsumer' started with 'Elixir.ElasticConsumer':start_link() at undefined exit with reason bad return value: [{queue,<<"tweets">>},{exchange,<<"twitter">>},{routing_key,<<>>},{prefetch_count,<<"10">>},{uri,<<"amqp://user:bitnami@localhost:5672">>}] in context start_error
2019-03-02 13:02:59.131 [info] <0.43.0> Application lager started on node nonode@nohost
2019-03-02 13:02:59.136 [info] <0.43.0> Application xmerl started on node nonode@nohost
2019-03-02 13:02:59.137 [info] <0.43.0> Application jsx started on node nonode@nohost
2019-03-02 13:02:59.139 [info] <0.43.0> Application ranch_proxy_protocol started on node nonode@nohost
2019-03-02 13:02:59.140 [info] <0.43.0> Application recon started on node nonode@nohost
2019-03-02 13:02:59.140 [info] <0.43.0> Application rabbit_common started on node nonode@nohost
2019-03-02 13:02:59.146 [info] <0.43.0> Application amqp_client started on node nonode@nohost
2019-03-02 13:02:59.146 [info] <0.43.0> Application amqp started on node nonode@nohost
2019-03-02 13:02:59.146 [info] <0.43.0> Application gen_rmq started on node nonode@nohost
2019-03-02 13:02:59.340 [info] <0.43.0> Application elastic_consumer started on node nonode@nohost
2019-03-20 02:28:00.028 [info] <0.43.0> Application lager started on node nonode@nohost
2019-03-20 02:28:00.033 [info] <0.43.0> Application xmerl started on node nonode@nohost
2019-03-20 02:28:00.036 [info] <0.43.0> Application jsx started on node nonode@nohost
2019-03-20 02:28:00.037 [info] <0.43.0> Application ranch_proxy_protocol started on node nonode@nohost
2019-03-20 02:28:00.038 [info] <0.43.0> Application recon started on node nonode@nohost
2019-03-20 02:28:00.039 [info] <0.43.0> Application rabbit_common started on node nonode@nohost
2019-03-20 02:28:00.048 [info] <0.43.0> Application amqp_client started on node nonode@nohost
2019-03-20 02:28:00.048 [info] <0.43.0> Application amqp started on node nonode@nohost
2019-03-20 02:28:00.048 [info] <0.43.0> Application gen_rmq started on node nonode@nohost
2019-03-20 02:28:00.180 [info] <0.43.0> Application elastic_consumer started on node nonode@nohost
2019-03-20 02:28:08.315 [info] <0.43.0> Application lager started on node nonode@nohost
2019-03-20 02:28:08.320 [info] <0.43.0> Application xmerl started on node nonode@nohost
2019-03-20 02:28:08.322 [info] <0.43.0> Application jsx started on node nonode@nohost
2019-03-20 02:28:08.323 [info] <0.43.0> Application ranch_proxy_protocol started on node nonode@nohost
2019-03-20 02:28:08.324 [info] <0.43.0> Application recon started on node nonode@nohost
2019-03-20 02:28:08.324 [info] <0.43.0> Application rabbit_common started on node nonode@nohost
2019-03-20 02:28:08.330 [info] <0.43.0> Application amqp_client started on node nonode@nohost
2019-03-20 02:28:08.330 [info] <0.43.0> Application amqp started on node nonode@nohost
2019-03-20 02:28:08.330 [info] <0.43.0> Application gen_rmq started on node nonode@nohost
2019-03-20 02:28:08.451 [info] <0.43.0> Application elastic_consumer started on node nonode@nohost
2019-03-20 02:32:41.599 [info] <0.43.0> Application lager started on node nonode@nohost
2019-03-20 02:32:41.604 [info] <0.43.0> Application xmerl started on node nonode@nohost
2019-03-20 02:32:41.606 [info] <0.43.0> Application jsx started on node nonode@nohost
2019-03-20 02:32:41.607 [info] <0.43.0> Application ranch_proxy_protocol started on node nonode@nohost
2019-03-20 02:32:41.608 [info] <0.43.0> Application recon started on node nonode@nohost
2019-03-20 02:32:41.609 [info] <0.43.0> Application rabbit_common started on node nonode@nohost
2019-03-20 02:32:41.618 [info] <0.43.0> Application amqp_client started on node nonode@nohost
2019-03-20 02:32:41.618 [info] <0.43.0> Application amqp started on node nonode@nohost
2019-03-20 02:32:41.618 [info] <0.43.0> Application gen_rmq started on node nonode@nohost
2019-03-20 02:32:41.735 [info] <0.43.0> Application elastic_consumer started on node nonode@nohost
2019-03-20 02:33:38.941 [info] <0.43.0> Application lager started on node nonode@nohost
2019-03-20 02:33:38.947 [info] <0.43.0> Application xmerl started on node nonode@nohost
2019-03-20 02:33:38.948 [info] <0.43.0> Application jsx started on node nonode@nohost
2019-03-20 02:33:38.950 [info] <0.43.0> Application ranch_proxy_protocol started on node nonode@nohost
2019-03-20 02:33:38.951 [info] <0.43.0> Application recon started on node nonode@nohost
2019-03-20 02:33:38.951 [info] <0.43.0> Application rabbit_common started on node nonode@nohost
2019-03-20 02:33:38.957 [info] <0.43.0> Application amqp_client started on node nonode@nohost
2019-03-20 02:33:38.957 [info] <0.43.0> Application amqp started on node nonode@nohost
2019-03-20 02:33:38.958 [info] <0.43.0> Application gen_rmq started on node nonode@nohost
2019-03-20 02:33:39.082 [info] <0.43.0> Application elastic_consumer started on node nonode@nohost
2019-03-20 02:36:43.244 [info] <0.43.0> Application lager started on node nonode@nohost
2019-03-20 02:36:43.249 [info] <0.43.0> Application xmerl started on node nonode@nohost
2019-03-20 02:36:43.251 [info] <0.43.0> Application jsx started on node nonode@nohost
2019-03-20 02:36:43.252 [info] <0.43.0> Application ranch_proxy_protocol started on node nonode@nohost
2019-03-20 02:36:43.253 [info] <0.43.0> Application recon started on node nonode@nohost
2019-03-20 02:36:43.253 [info] <0.43.0> Application rabbit_common started on node nonode@nohost
2019-03-20 02:36:43.259 [info] <0.43.0> Application amqp_client started on node nonode@nohost
2019-03-20 02:36:43.259 [info] <0.43.0> Application amqp started on node nonode@nohost
2019-03-20 02:36:43.259 [info] <0.43.0> Application gen_rmq started on node nonode@nohost
2019-03-20 02:36:43.393 [info] <0.43.0> Application elastic_consumer started on node nonode@nohost
2019-03-20 02:37:31.066 [info] <0.43.0> Application lager started on node nonode@nohost
2019-03-20 02:37:31.070 [info] <0.43.0> Application xmerl started on node nonode@nohost
2019-03-20 02:37:31.072 [info] <0.43.0> Application jsx started on node nonode@nohost
2019-03-20 02:37:31.073 [info] <0.43.0> Application ranch_proxy_protocol started on node nonode@nohost
2019-03-20 02:37:31.074 [info] <0.43.0> Application recon started on node nonode@nohost
2019-03-20 02:37:31.074 [info] <0.43.0> Application rabbit_common started on node nonode@nohost
2019-03-20 02:37:31.083 [info] <0.43.0> Application amqp_client started on node nonode@nohost
2019-03-20 02:37:31.083 [info] <0.43.0> Application amqp started on node nonode@nohost
2019-03-20 02:37:31.083 [info] <0.43.0> Application gen_rmq started on node nonode@nohost
2019-03-20 02:37:31.202 [info] <0.43.0> Application elastic_consumer started on node nonode@nohost
2019-03-20 02:39:06.863 [info] <0.43.0> Application lager started on node nonode@nohost
2019-03-20 02:39:06.868 [info] <0.43.0> Application xmerl started on node nonode@nohost
2019-03-20 02:39:06.871 [info] <0.43.0> Application jsx started on node nonode@nohost
2019-03-20 02:39:06.873 [info] <0.43.0> Application ranch_proxy_protocol started on node nonode@nohost
2019-03-20 02:39:06.874 [info] <0.43.0> Application recon started on node nonode@nohost
2019-03-20 02:39:06.874 [info] <0.43.0> Application rabbit_common started on node nonode@nohost
2019-03-20 02:39:06.883 [info] <0.43.0> Application amqp_client started on node nonode@nohost
2019-03-20 02:39:06.883 [info] <0.43.0> Application amqp started on node nonode@nohost
2019-03-20 02:39:06.884 [info] <0.43.0> Application gen_rmq started on node nonode@nohost
2019-03-20 02:39:07.027 [info] <0.43.0> Application elastic_consumer started on node nonode@nohost
2019-03-20 02:42:16.349 [info] <0.43.0> Application lager started on node nonode@nohost
2019-03-20 02:42:16.355 [info] <0.43.0> Application xmerl started on node nonode@nohost
2019-03-20 02:42:16.357 [info] <0.43.0> Application jsx started on node nonode@nohost
2019-03-20 02:42:16.359 [info] <0.43.0> Application ranch_proxy_protocol started on node nonode@nohost
2019-03-20 02:42:16.360 [info] <0.43.0> Application recon started on node nonode@nohost
2019-03-20 02:42:16.360 [info] <0.43.0> Application rabbit_common started on node nonode@nohost
2019-03-20 02:42:16.368 [info] <0.43.0> Application amqp_client started on node nonode@nohost
2019-03-20 02:42:16.368 [info] <0.43.0> Application amqp started on node nonode@nohost
2019-03-20 02:42:16.368 [info] <0.43.0> Application gen_rmq started on node nonode@nohost
2019-03-20 02:42:16.491 [info] <0.43.0> Application elastic_consumer started on node nonode@nohost
2019-03-20 02:43:12.874 [info] <0.43.0> Application lager started on node nonode@nohost
2019-03-20 02:43:12.879 [info] <0.43.0> Application xmerl started on node nonode@nohost
2019-03-20 02:43:12.881 [info] <0.43.0> Application jsx started on node nonode@nohost
2019-03-20 02:43:12.882 [info] <0.43.0> Application ranch_proxy_protocol started on node nonode@nohost
2019-03-20 02:43:12.883 [info] <0.43.0> Application recon started on node nonode@nohost
2019-03-20 02:43:12.883 [info] <0.43.0> Application rabbit_common started on node nonode@nohost
2019-03-20 02:43:12.889 [info] <0.43.0> Application amqp_client started on node nonode@nohost
2019-03-20 02:43:12.889 [info] <0.43.0> Application amqp started on node nonode@nohost
2019-03-20 02:43:12.889 [info] <0.43.0> Application gen_rmq started on node nonode@nohost
2019-03-20 02:43:12.992 [info] <0.43.0> Application elastic_consumer started on node nonode@nohost
2019-03-20 02:44:32.489 [info] <0.43.0> Application lager started on node nonode@nohost
2019-03-20 02:44:32.494 [info] <0.43.0> Application xmerl started on node nonode@nohost
2019-03-20 02:44:32.496 [info] <0.43.0> Application jsx started on node nonode@nohost
2019-03-20 02:44:32.497 [info] <0.43.0> Application ranch_proxy_protocol started on node nonode@nohost
2019-03-20 02:44:32.498 [info] <0.43.0> Application recon started on node nonode@nohost
2019-03-20 02:44:32.498 [info] <0.43.0> Application rabbit_common started on node nonode@nohost
2019-03-20 02:44:32.504 [info] <0.43.0> Application amqp_client started on node nonode@nohost
2019-03-20 02:44:32.504 [info] <0.43.0> Application amqp started on node nonode@nohost
2019-03-20 02:44:32.504 [info] <0.43.0> Application gen_rmq started on node nonode@nohost
2019-03-20 02:44:32.621 [info] <0.43.0> Application elastic_consumer started on node nonode@nohost
2019-03-20 02:45:23.742 [info] <0.43.0> Application lager started on node nonode@nohost
2019-03-20 02:45:23.746 [info] <0.43.0> Application xmerl started on node nonode@nohost
2019-03-20 02:45:23.748 [info] <0.43.0> Application jsx started on node nonode@nohost
2019-03-20 02:45:23.749 [info] <0.43.0> Application ranch_proxy_protocol started on node nonode@nohost
2019-03-20 02:45:23.749 [info] <0.43.0> Application recon started on node nonode@nohost
2019-03-20 02:45:23.749 [info] <0.43.0> Application rabbit_common started on node nonode@nohost
2019-03-20 02:45:23.755 [info] <0.43.0> Application amqp_client started on node nonode@nohost
2019-03-20 02:45:23.755 [info] <0.43.0> Application amqp started on node nonode@nohost
2019-03-20 02:45:23.755 [info] <0.43.0> Application gen_rmq started on node nonode@nohost
2019-03-20 02:45:23.851 [info] <0.43.0> Application elastic_consumer started on node nonode@nohost
2019-03-20 02:47:14.316 [info] <0.43.0> Application lager started on node nonode@nohost
2019-03-20 02:47:14.320 [info] <0.43.0> Application xmerl started on node nonode@nohost
2019-03-20 02:47:14.322 [info] <0.43.0> Application jsx started on node nonode@nohost
2019-03-20 02:47:14.324 [info] <0.43.0> Application ranch_proxy_protocol started on node nonode@nohost
2019-03-20 02:47:14.325 [info] <0.43.0> Application recon started on node nonode@nohost
2019-03-20 02:47:14.325 [info] <0.43.0> Application rabbit_common started on node nonode@nohost
2019-03-20 02:47:14.333 [info] <0.43.0> Application amqp_client started on node nonode@nohost
2019-03-20 02:47:14.333 [info] <0.43.0> Application amqp started on node nonode@nohost
2019-03-20 02:47:14.333 [info] <0.43.0> Application gen_rmq started on node nonode@nohost
2019-03-20 02:47:14.443 [info] <0.43.0> Application elastic_consumer started on node nonode@nohost
2019-03-21 00:33:59.926 [info] <0.43.0> Application lager started on node nonode@nohost
2019-03-21 00:33:59.931 [info] <0.43.0> Application xmerl started on node nonode@nohost
2019-03-21 00:33:59.932 [info] <0.43.0> Application jsx started on node nonode@nohost
2019-03-21 00:33:59.933 [info] <0.43.0> Application ranch_proxy_protocol started on node nonode@nohost
2019-03-21 00:33:59.934 [info] <0.43.0> Application recon started on node nonode@nohost
2019-03-21 00:33:59.935 [info] <0.43.0> Application rabbit_common started on node nonode@nohost
2019-03-21 00:33:59.940 [info] <0.43.0> Application amqp_client started on node nonode@nohost
2019-03-21 00:33:59.940 [info] <0.43.0> Application amqp started on node nonode@nohost
2019-03-21 00:33:59.940 [info] <0.43.0> Application gen_rmq started on node nonode@nohost
2019-03-21 00:34:00.055 [info] <0.43.0> Application elastic_consumer started on node nonode@nohost
2019-03-22 00:34:34.941 [info] <0.43.0> Application lager started on node nonode@nohost
2019-03-22 00:34:34.946 [info] <0.43.0> Application xmerl started on node nonode@nohost
2019-03-22 00:34:34.948 [info] <0.43.0> Application jsx started on node nonode@nohost
2019-03-22 00:34:34.950 [info] <0.43.0> Application ranch_proxy_protocol started on node nonode@nohost
2019-03-22 00:34:34.951 [info] <0.43.0> Application recon started on node nonode@nohost
2019-03-22 00:34:34.951 [info] <0.43.0> Application rabbit_common started on node nonode@nohost
2019-03-22 00:34:34.957 [info] <0.43.0> Application amqp_client started on node nonode@nohost
2019-03-22 00:34:34.957 [info] <0.43.0> Application amqp started on node nonode@nohost
2019-03-22 00:34:34.957 [info] <0.43.0> Application gen_rmq started on node nonode@nohost
2019-03-22 00:34:34.963 [error] <0.304.0>@Elixir.URI:parse:445 CRASH REPORT Process <0.304.0> with 0 neighbours crashed with reason: no function clause matching 'Elixir.URI':parse(nil) line 445
2019-03-22 00:35:53.528 [info] <0.43.0> Application lager started on node nonode@nohost
2019-03-22 00:35:53.535 [info] <0.43.0> Application xmerl started on node nonode@nohost
2019-03-22 00:35:53.538 [info] <0.43.0> Application jsx started on node nonode@nohost
2019-03-22 00:35:53.539 [info] <0.43.0> Application ranch_proxy_protocol started on node nonode@nohost
2019-03-22 00:35:53.541 [info] <0.43.0> Application recon started on node nonode@nohost
2019-03-22 00:35:53.541 [info] <0.43.0> Application rabbit_common started on node nonode@nohost
2019-03-22 00:35:53.549 [info] <0.43.0> Application amqp_client started on node nonode@nohost
2019-03-22 00:35:53.549 [info] <0.43.0> Application amqp started on node nonode@nohost
2019-03-22 00:35:53.550 [info] <0.43.0> Application gen_rmq started on node nonode@nohost
2019-03-22 00:35:53.556 [error] <0.304.0>@Elixir.URI:parse:445 CRASH REPORT Process <0.304.0> with 0 neighbours crashed with reason: no function clause matching 'Elixir.URI':parse(nil) line 445
2019-03-22 00:35:53.560 [error] <0.303.0>@Elixir.URI:parse:445 Supervisor 'Elixir.ElasticConsumer.Supervisor' had child 'Elixir.ElasticConsumer' started with 'Elixir.ElasticConsumer':start_link() at undefined exit with reason no function clause matching 'Elixir.URI':parse(nil) line 445 in context start_error
2019-03-22 00:36:59.144 [info] <0.43.0> Application lager started on node nonode@nohost
2019-03-22 00:36:59.149 [info] <0.43.0> Application xmerl started on node nonode@nohost
2019-03-22 00:36:59.151 [info] <0.43.0> Application jsx started on node nonode@nohost
2019-03-22 00:36:59.152 [info] <0.43.0> Application ranch_proxy_protocol started on node nonode@nohost
2019-03-22 00:36:59.154 [info] <0.43.0> Application recon started on node nonode@nohost
2019-03-22 00:36:59.154 [info] <0.43.0> Application rabbit_common started on node nonode@nohost
2019-03-22 00:36:59.161 [info] <0.43.0> Application amqp_client started on node nonode@nohost
2019-03-22 00:36:59.161 [info] <0.43.0> Application amqp started on node nonode@nohost
2019-03-22 00:36:59.161 [info] <0.43.0> Application gen_rmq started on node nonode@nohost
2019-03-22 00:36:59.174 [error] <0.333.0> Supervisor 'Elixir.ElasticConsumer.Supervisor' had child 'Elixir.ElasticConsumer' started with 'Elixir.ElasticConsumer':start_link() at undefined exit with reason #{'__exception__' => true,'__struct__' => 'Elixir.ArgumentError',message => <<"you must merge onto an absolute URI">>} in 'Elixir.URI':merge/2 line 551 in context start_error
2019-03-22 00:37:23.732 [info] <0.43.0> Application lager started on node nonode@nohost
2019-03-22 00:37:23.738 [info] <0.43.0> Application xmerl started on node nonode@nohost
2019-03-22 00:37:23.740 [info] <0.43.0> Application jsx started on node nonode@nohost
2019-03-22 00:37:23.741 [info] <0.43.0> Application ranch_proxy_protocol started on node nonode@nohost
2019-03-22 00:37:23.742 [info] <0.43.0> Application recon started on node nonode@nohost
2019-03-22 00:37:23.742 [info] <0.43.0> Application rabbit_common started on node nonode@nohost
2019-03-22 00:37:23.752 [info] <0.43.0> Application amqp_client started on node nonode@nohost
2019-03-22 00:37:23.752 [info] <0.43.0> Application amqp started on node nonode@nohost
2019-03-22 00:37:23.752 [info] <0.43.0> Application gen_rmq started on node nonode@nohost
2019-03-22 00:37:23.898 [info] <0.43.0> Application elastic_consumer started on node nonode@nohost
2019-03-22 00:37:56.845 [info] <0.43.0> Application lager started on node nonode@nohost
2019-03-22 00:37:56.851 [info] <0.43.0> Application xmerl started on node nonode@nohost
2019-03-22 00:37:56.853 [info] <0.43.0> Application jsx started on node nonode@nohost
2019-03-22 00:37:56.855 [info] <0.43.0> Application ranch_proxy_protocol started on node nonode@nohost
2019-03-22 00:37:56.856 [info] <0.43.0> Application recon started on node nonode@nohost
2019-03-22 00:37:56.856 [info] <0.43.0> Application rabbit_common started on node nonode@nohost
2019-03-22 00:37:56.863 [info] <0.43.0> Application amqp_client started on node nonode@nohost
2019-03-22 00:37:56.863 [info] <0.43.0> Application amqp started on node nonode@nohost
2019-03-22 00:37:56.863 [info] <0.43.0> Application gen_rmq started on node nonode@nohost
2019-03-22 00:37:56.976 [info] <0.43.0> Application elastic_consumer started on node nonode@nohost
2019-03-22 00:50:08.201 [info] <0.43.0> Application lager started on node nonode@nohost
2019-03-22 00:50:08.205 [info] <0.43.0> Application xmerl started on node nonode@nohost
2019-03-22 00:50:08.207 [info] <0.43.0> Application jsx started on node nonode@nohost
2019-03-22 00:50:08.208 [info] <0.43.0> Application ranch_proxy_protocol started on node nonode@nohost
2019-03-22 00:50:08.209 [info] <0.43.0> Application recon started on node nonode@nohost
2019-03-22 00:50:08.209 [info] <0.43.0> Application rabbit_common started on node nonode@nohost
2019-03-22 00:50:08.215 [info] <0.43.0> Application amqp_client started on node nonode@nohost
2019-03-22 00:50:08.215 [info] <0.43.0> Application amqp started on node nonode@nohost
2019-03-22 00:50:08.215 [info] <0.43.0> Application gen_rmq started on node nonode@nohost
2019-03-22 00:50:08.337 [info] <0.43.0> Application elastic_consumer started on node nonode@nohost
2019-03-22 19:16:14.480 [info] <0.43.0> Application lager started on node nonode@nohost
2019-03-22 19:16:14.484 [info] <0.43.0> Application xmerl started on node nonode@nohost
2019-03-22 19:16:14.486 [info] <0.43.0> Application jsx started on node nonode@nohost
2019-03-22 19:16:14.487 [info] <0.43.0> Application ranch_proxy_protocol started on node nonode@nohost
2019-03-22 19:16:14.488 [info] <0.43.0> Application recon started on node nonode@nohost
2019-03-22 19:16:14.488 [info] <0.43.0> Application rabbit_common started on node nonode@nohost
2019-03-22 19:16:14.494 [info] <0.43.0> Application amqp_client started on node nonode@nohost
2019-03-22 19:16:14.494 [info] <0.43.0> Application amqp started on node nonode@nohost
2019-03-22 19:16:14.494 [info] <0.43.0> Application gen_rmq started on node nonode@nohost
2019-03-22 19:16:14.999 [info] <0.43.0> Application elastic_consumer started on node nonode@nohost
2019-03-23 16:21:52.364 [info] <0.43.0> Application lager started on node nonode@nohost
2019-03-23 16:21:52.369 [info] <0.43.0> Application xmerl started on node nonode@nohost
2019-03-23 16:21:52.371 [info] <0.43.0> Application jsx started on node nonode@nohost
2019-03-23 16:21:52.373 [info] <0.43.0> Application ranch_proxy_protocol started on node nonode@nohost
2019-03-23 16:21:52.374 [info] <0.43.0> Application recon started on node nonode@nohost
2019-03-23 16:21:52.374 [info] <0.43.0> Application rabbit_common started on node nonode@nohost
2019-03-23 16:21:52.384 [info] <0.43.0> Application amqp_client started on node nonode@nohost
2019-03-23 16:21:52.384 [info] <0.43.0> Application amqp started on node nonode@nohost
2019-03-23 16:21:52.384 [info] <0.43.0> Application gen_rmq started on node nonode@nohost
2019-03-23 16:21:52.521 [info] <0.43.0> Application elastic_consumer started on node nonode@nohost
2019-03-23 16:25:14.038 [info] <0.43.0> Application lager started on node nonode@nohost
2019-03-23 16:25:14.043 [info] <0.43.0> Application xmerl started on node nonode@nohost
2019-03-23 16:25:14.045 [info] <0.43.0> Application jsx started on node nonode@nohost
2019-03-23 16:25:14.046 [info] <0.43.0> Application ranch_proxy_protocol started on node nonode@nohost
2019-03-23 16:25:14.047 [info] <0.43.0> Application recon started on node nonode@nohost
2019-03-23 16:25:14.047 [info] <0.43.0> Application rabbit_common started on node nonode@nohost
2019-03-23 16:25:14.053 [info] <0.43.0> Application amqp_client started on node nonode@nohost
2019-03-23 16:25:14.053 [info] <0.43.0> Application amqp started on node nonode@nohost
2019-03-23 16:25:14.053 [info] <0.43.0> Application gen_rmq started on node nonode@nohost
2019-03-23 16:25:14.428 [info] <0.43.0> Application elastic_consumer started on node nonode@nohost
2019-03-23 16:26:28.719 [info] <0.43.0> Application lager started on node nonode@nohost
2019-03-23 16:26:28.724 [info] <0.43.0> Application xmerl started on node nonode@nohost
2019-03-23 16:26:28.726 [info] <0.43.0> Application jsx started on node nonode@nohost
2019-03-23 16:26:28.727 [info] <0.43.0> Application ranch_proxy_protocol started on node nonode@nohost
2019-03-23 16:26:28.729 [info] <0.43.0> Application recon started on node nonode@nohost
2019-03-23 16:26:28.729 [info] <0.43.0> Application rabbit_common started on node nonode@nohost
2019-03-23 16:26:28.738 [info] <0.43.0> Application amqp_client started on node nonode@nohost
2019-03-23 16:26:28.738 [info] <0.43.0> Application amqp started on node nonode@nohost
2019-03-23 16:26:28.738 [info] <0.43.0> Application gen_rmq started on node nonode@nohost
2019-03-23 16:26:28.845 [info] <0.43.0> Application elastic_consumer started on node nonode@nohost
2019-03-23 16:27:17.976 [info] <0.43.0> Application lager started on node nonode@nohost
2019-03-23 16:27:17.981 [info] <0.43.0> Application xmerl started on node nonode@nohost
2019-03-23 16:27:17.984 [info] <0.43.0> Application jsx started on node nonode@nohost
2019-03-23 16:27:17.985 [info] <0.43.0> Application ranch_proxy_protocol started on node nonode@nohost
2019-03-23 16:27:17.986 [info] <0.43.0> Application recon started on node nonode@nohost
2019-03-23 16:27:17.986 [info] <0.43.0> Application rabbit_common started on node nonode@nohost
2019-03-23 16:27:17.993 [info] <0.43.0> Application amqp_client started on node nonode@nohost
2019-03-23 16:27:17.994 [info] <0.43.0> Application amqp started on node nonode@nohost
2019-03-23 16:27:17.994 [info] <0.43.0> Application gen_rmq started on node nonode@nohost
2019-03-23 16:27:18.338 [info] <0.43.0> Application elastic_consumer started on node nonode@nohost
2019-03-23 16:28:55.560 [info] <0.43.0> Application lager started on node nonode@nohost
2019-03-23 16:28:55.565 [info] <0.43.0> Application xmerl started on node nonode@nohost
2019-03-23 16:28:55.568 [info] <0.43.0> Application jsx started on node nonode@nohost
2019-03-23 16:28:55.569 [info] <0.43.0> Application ranch_proxy_protocol started on node nonode@nohost
2019-03-23 16:28:55.570 [info] <0.43.0> Application recon started on node nonode@nohost
2019-03-23 16:28:55.570 [info] <0.43.0> Application rabbit_common started on node nonode@nohost
2019-03-23 16:28:55.577 [info] <0.43.0> Application amqp_client started on node nonode@nohost
2019-03-23 16:28:55.577 [info] <0.43.0> Application amqp started on node nonode@nohost
2019-03-23 16:28:55.577 [info] <0.43.0> Application gen_rmq started on node nonode@nohost
2019-03-23 16:28:55.693 [info] <0.43.0> Application elastic_consumer started on node nonode@nohost
2019-03-23 16:33:55.603 [info] <0.43.0> Application lager started on node nonode@nohost
2019-03-23 16:33:55.609 [info] <0.43.0> Application xmerl started on node nonode@nohost
2019-03-23 16:33:55.611 [info] <0.43.0> Application jsx started on node nonode@nohost
2019-03-23 16:33:55.613 [info] <0.43.0> Application ranch_proxy_protocol started on node nonode@nohost
2019-03-23 16:33:55.614 [info] <0.43.0> Application recon started on node nonode@nohost
2019-03-23 16:33:55.614 [info] <0.43.0> Application rabbit_common started on node nonode@nohost
2019-03-23 16:33:55.622 [info] <0.43.0> Application amqp_client started on node nonode@nohost
2019-03-23 16:33:55.622 [info] <0.43.0> Application amqp started on node nonode@nohost
2019-03-23 16:33:55.622 [info] <0.43.0> Application gen_rmq started on node nonode@nohost
2019-03-23 16:33:56.099 [info] <0.43.0> Application elastic_consumer started on node nonode@nohost
2019-03-23 16:37:08.021 [info] <0.43.0> Application lager started on node nonode@nohost
2019-03-23 16:37:08.027 [info] <0.43.0> Application xmerl started on node nonode@nohost
2019-03-23 16:37:08.029 [info] <0.43.0> Application jsx started on node nonode@nohost
2019-03-23 16:37:08.031 [info] <0.43.0> Application ranch_proxy_protocol started on node nonode@nohost
2019-03-23 16:37:08.032 [info] <0.43.0> Application recon started on node nonode@nohost
2019-03-23 16:37:08.032 [info] <0.43.0> Application rabbit_common started on node nonode@nohost
2019-03-23 16:37:08.040 [info] <0.43.0> Application amqp_client started on node nonode@nohost
2019-03-23 16:37:08.040 [info] <0.43.0> Application amqp started on node nonode@nohost
2019-03-23 16:37:08.040 [info] <0.43.0> Application gen_rmq started on node nonode@nohost
2019-03-23 16:37:08.156 [info] <0.43.0> Application elastic_consumer started on node nonode@nohost
2019-03-23 16:38:47.700 [info] <0.43.0> Application lager started on node nonode@nohost
2019-03-23 16:38:47.705 [info] <0.43.0> Application xmerl started on node nonode@nohost
2019-03-23 16:38:47.707 [info] <0.43.0> Application jsx started on node nonode@nohost
2019-03-23 16:38:47.709 [info] <0.43.0> Application ranch_proxy_protocol started on node nonode@nohost
2019-03-23 16:38:47.711 [info] <0.43.0> Application recon started on node nonode@nohost
2019-03-23 16:38:47.711 [info] <0.43.0> Application rabbit_common started on node nonode@nohost
2019-03-23 16:38:47.719 [info] <0.43.0> Application amqp_client started on node nonode@nohost
2019-03-23 16:38:47.719 [info] <0.43.0> Application amqp started on node nonode@nohost
2019-03-23 16:38:47.719 [info] <0.43.0> Application gen_rmq started on node nonode@nohost
2019-03-23 16:38:47.826 [info] <0.43.0> Application elastic_consumer started on node nonode@nohost
