2019-03-02 12:59:03 =SUPERVISOR REPORT====
     Supervisor: {local,'Elixir.ElasticConsumer.Supervisor'}
     Context:    start_error
     Reason:     {'EXIT',{undef,[{'Elixir.ElasticConsumer',start_link,[],[]},{supervisor,do_start_child_i,3,[{file,"supervisor.erl"},{line,379}]},{supervisor,do_start_child,2,[{file,"supervisor.erl"},{line,365}]},{supervisor,'-start_children/2-fun-0-',3,[{file,"supervisor.erl"},{line,349}]},{supervisor,children_map,4,[{file,"supervisor.erl"},{line,1157}]},{supervisor,init_children,2,[{file,"supervisor.erl"},{line,315}]},{gen_server,init_it,2,[{file,"gen_server.erl"},{line,374}]},{gen_server,init_it,6,[{file,"gen_server.erl"},{line,342}]}]}}
     Offender:   [{pid,undefined},{id,'Elixir.ElasticConsumer'},{mfargs,{'Elixir.ElasticConsumer',start_link,[]}},{restart_type,permanent},{shutdown,5000},{child_type,worker}]

2019-03-02 12:59:03 =CRASH REPORT====
  crasher:
    initial call: application_master:init/4
    pid: <0.1299.0>
    registered_name: []
    exception exit: {{{shutdown,{failed_to_start_child,'Elixir.ElasticConsumer',{'EXIT',{undef,[{'Elixir.ElasticConsumer',start_link,[],[]},{supervisor,do_start_child_i,3,[{file,"supervisor.erl"},{line,379}]},{supervisor,do_start_child,2,[{file,"supervisor.erl"},{line,365}]},{supervisor,'-start_children/2-fun-0-',3,[{file,"supervisor.erl"},{line,349}]},{supervisor,children_map,4,[{file,"supervisor.erl"},{line,1157}]},{supervisor,init_children,2,[{file,"supervisor.erl"},{line,315}]},{gen_server,init_it,2,[{file,"gen_server.erl"},{line,374}]},{gen_server,init_it,6,[{file,"gen_server.erl"},{line,342}]}]}}}},{'Elixir.ElasticConsumer.Application',start,[normal,[]]}},[{application_master,init,4,[{file,"application_master.erl"},{line,138}]},{proc_lib,init_p_do_apply,3,[{file,"proc_lib.erl"},{line,249}]}]}
    ancestors: [<0.1298.0>]
    message_queue_len: 1
    messages: [{'EXIT',<0.1300.0>,normal}]
    links: [<0.1298.0>,<0.43.0>]
    dictionary: []
    trap_exit: true
    status: running
    heap_size: 610
    stack_size: 27
    reductions: 250
  neighbours:
2019-03-02 13:00:27 =SUPERVISOR REPORT====
     Supervisor: {local,'Elixir.ElasticConsumer.Supervisor'}
     Context:    start_error
     Reason:     {undef,[{'Elixir.ElasticConsumer',init,[[{name,'Elixir.ElasticConsumer'}]],[]},{gen_server,init_it,2,[{file,"gen_server.erl"},{line,374}]},{gen_server,init_it,6,[{file,"gen_server.erl"},{line,342}]},{proc_lib,init_p_do_apply,3,[{file,"proc_lib.erl"},{line,249}]}]}
     Offender:   [{pid,undefined},{id,'Elixir.ElasticConsumer'},{mfargs,{'Elixir.ElasticConsumer',start_link,[]}},{restart_type,permanent},{shutdown,5000},{child_type,worker}]

2019-03-02 13:00:27 =CRASH REPORT====
  crasher:
    initial call: application_master:init/4
    pid: <0.298.0>
    registered_name: []
    exception exit: {{{shutdown,{failed_to_start_child,'Elixir.ElasticConsumer',{undef,[{'Elixir.ElasticConsumer',init,[[{name,'Elixir.ElasticConsumer'}]],[]},{gen_server,init_it,2,[{file,"gen_server.erl"},{line,374}]},{gen_server,init_it,6,[{file,"gen_server.erl"},{line,342}]},{proc_lib,init_p_do_apply,3,[{file,"proc_lib.erl"},{line,249}]}]}}},{'Elixir.ElasticConsumer.Application',start,[normal,[]]}},[{application_master,init,4,[{file,"application_master.erl"},{line,138}]},{proc_lib,init_p_do_apply,3,[{file,"proc_lib.erl"},{line,249}]}]}
    ancestors: [<0.297.0>]
    message_queue_len: 1
    messages: [{'EXIT',<0.299.0>,normal}]
    links: [<0.297.0>,<0.43.0>]
    dictionary: []
    trap_exit: true
    status: running
    heap_size: 610
    stack_size: 27
    reductions: 214
  neighbours:
2019-03-02 13:01:00 =CRASH REPORT====
  crasher:
    initial call: Elixir.ElasticConsumer:init/1
    pid: <0.301.0>
    registered_name: []
    exception exit: {{bad_return_value,[{queue,<<"tweets">>},{exchange,<<"twitter">>},{routing_key,<<>>},{prefetch_count,<<"10">>},{uri,<<"amqp://user:bitnami@localhost:5672">>}]},[{gen_server,init_it,6,[{file,"gen_server.erl"},{line,366}]},{proc_lib,init_p_do_apply,3,[{file,"proc_lib.erl"},{line,249}]}]}
    ancestors: ['Elixir.ElasticConsumer.Supervisor',<0.299.0>]
    message_queue_len: 0
    messages: []
    links: [<0.300.0>]
    dictionary: []
    trap_exit: false
    status: running
    heap_size: 1598
    stack_size: 27
    reductions: 5370
  neighbours:
2019-03-02 13:01:00 =SUPERVISOR REPORT====
     Supervisor: {local,'Elixir.ElasticConsumer.Supervisor'}
     Context:    start_error
     Reason:     {bad_return_value,[{queue,<<"tweets">>},{exchange,<<"twitter">>},{routing_key,<<>>},{prefetch_count,<<"10">>},{uri,<<"amqp://user:bitnami@localhost:5672">>}]}
     Offender:   [{pid,undefined},{id,'Elixir.ElasticConsumer'},{mfargs,{'Elixir.ElasticConsumer',start_link,[]}},{restart_type,permanent},{shutdown,5000},{child_type,worker}]

2019-03-02 13:01:00 =CRASH REPORT====
  crasher:
    initial call: application_master:init/4
    pid: <0.298.0>
    registered_name: []
    exception exit: {{{shutdown,{failed_to_start_child,'Elixir.ElasticConsumer',{bad_return_value,[{queue,<<"tweets">>},{exchange,<<"twitter">>},{routing_key,<<>>},{prefetch_count,<<"10">>},{uri,<<"amqp://user:bitnami@localhost:5672">>}]}}},{'Elixir.ElasticConsumer.Application',start,[normal,[]]}},[{application_master,init,4,[{file,"application_master.erl"},{line,138}]},{proc_lib,init_p_do_apply,3,[{file,"proc_lib.erl"},{line,249}]}]}
    ancestors: [<0.297.0>]
    message_queue_len: 1
    messages: [{'EXIT',<0.299.0>,normal}]
    links: [<0.297.0>,<0.43.0>]
    dictionary: []
    trap_exit: true
    status: running
    heap_size: 610
    stack_size: 27
    reductions: 217
  neighbours:
2019-03-22 00:34:34 =CRASH REPORT====
  crasher:
    initial call: Elixir.GenRMQ.Consumer:init/1
    pid: <0.304.0>
    registered_name: []
    exception error: {function_clause,[{'Elixir.URI',parse,[nil],[{file,"lib/uri.ex"},{line,445}]},{'Elixir.URI',merge,2,[{file,"lib/uri.ex"},{line,572}]},{'Elixir.Elastix.HTTP',prepare_url,2,[{file,"lib/elastix/http.ex"},{line,11}]},{'Elixir.Elastix.Index',create,3,[{file,"lib/elastix/index.ex"},{line,20}]},{'Elixir.ElasticConsumer',init,0,[{file,"lib/elastic_consumer/elastic_consumer.ex"},{line,34}]},{'Elixir.GenRMQ.Consumer',init,1,[{file,"lib/consumer.ex"},{line,216}]},{gen_server,init_it,2,[{file,"gen_server.erl"},{line,374}]},{gen_server,init_it,6,[{file,"gen_server.erl"},{line,342}]}]}
    ancestors: ['Elixir.ElasticConsumer.Supervisor',<0.302.0>]
    message_queue_len: 0
    messages: []
    links: [<0.303.0>]
    dictionary: []
    trap_exit: true
    status: running
    heap_size: 987
    stack_size: 27
    reductions: 340
  neighbours:
2019-03-22 00:34:34 =SUPERVISOR REPORT====
     Supervisor: {local,'Elixir.ElasticConsumer.Supervisor'}
     Context:    start_error
     Reason:     {function_clause,[{'Elixir.URI',parse,[nil],[{file,"lib/uri.ex"},{line,445}]},{'Elixir.URI',merge,2,[{file,"lib/uri.ex"},{line,572}]},{'Elixir.Elastix.HTTP',prepare_url,2,[{file,"lib/elastix/http.ex"},{line,11}]},{'Elixir.Elastix.Index',create,3,[{file,"lib/elastix/index.ex"},{line,20}]},{'Elixir.ElasticConsumer',init,0,[{file,"lib/elastic_consumer/elastic_consumer.ex"},{line,34}]},{'Elixir.GenRMQ.Consumer',init,1,[{file,"lib/consumer.ex"},{line,216}]},{gen_server,init_it,2,[{file,"gen_server.erl"},{line,374}]},{gen_server,init_it,6,[{file,"gen_server.erl"},{line,342}]}]}
     Offender:   [{pid,undefined},{id,'Elixir.ElasticConsumer'},{mfargs,{'Elixir.ElasticConsumer',start_link,[]}},{restart_type,permanent},{shutdown,5000},{child_type,worker}]

2019-03-22 00:34:34 =CRASH REPORT====
  crasher:
    initial call: application_master:init/4
    pid: <0.301.0>
    registered_name: []
    exception exit: {{{shutdown,{failed_to_start_child,'Elixir.ElasticConsumer',{function_clause,[{'Elixir.URI',parse,[nil],[{file,"lib/uri.ex"},{line,445}]},{'Elixir.URI',merge,2,[{file,"lib/uri.ex"},{line,572}]},{'Elixir.Elastix.HTTP',prepare_url,2,[{file,"lib/elastix/http.ex"},{line,11}]},{'Elixir.Elastix.Index',create,3,[{file,"lib/elastix/index.ex"},{line,20}]},{'Elixir.ElasticConsumer',init,0,[{file,"lib/elastic_consumer/elastic_consumer.ex"},{line,34}]},{'Elixir.GenRMQ.Consumer',init,1,[{file,"lib/consumer.ex"},{line,216}]},{gen_server,init_it,2,[{file,"gen_server.erl"},{line,374}]},{gen_server,init_it,6,[{file,"gen_server.erl"},{line,342}]}]}}},{'Elixir.ElasticConsumer.Application',start,[normal,[]]}},[{application_master,init,4,[{file,"application_master.erl"},{line,138}]},{proc_lib,init_p_do_apply,3,[{file,"proc_lib.erl"},{line,249}]}]}
    ancestors: [<0.300.0>]
    message_queue_len: 1
    messages: [{'EXIT',<0.302.0>,normal}]
    links: [<0.300.0>,<0.43.0>]
    dictionary: []
    trap_exit: true
    status: running
    heap_size: 987
    stack_size: 27
    reductions: 241
  neighbours:
2019-03-22 00:35:53 =CRASH REPORT====
  crasher:
    initial call: Elixir.GenRMQ.Consumer:init/1
    pid: <0.304.0>
    registered_name: []
    exception error: {function_clause,[{'Elixir.URI',parse,[nil],[{file,"lib/uri.ex"},{line,445}]},{'Elixir.URI',merge,2,[{file,"lib/uri.ex"},{line,572}]},{'Elixir.Elastix.HTTP',prepare_url,2,[{file,"lib/elastix/http.ex"},{line,11}]},{'Elixir.Elastix.Index',create,3,[{file,"lib/elastix/index.ex"},{line,20}]},{'Elixir.ElasticConsumer',init,0,[{file,"lib/elastic_consumer/elastic_consumer.ex"},{line,34}]},{'Elixir.GenRMQ.Consumer',init,1,[{file,"lib/consumer.ex"},{line,216}]},{gen_server,init_it,2,[{file,"gen_server.erl"},{line,374}]},{gen_server,init_it,6,[{file,"gen_server.erl"},{line,342}]}]}
    ancestors: ['Elixir.ElasticConsumer.Supervisor',<0.302.0>]
    message_queue_len: 0
    messages: []
    links: [<0.303.0>]
    dictionary: []
    trap_exit: true
    status: running
    heap_size: 987
    stack_size: 27
    reductions: 340
  neighbours:
2019-03-22 00:35:53 =SUPERVISOR REPORT====
     Supervisor: {local,'Elixir.ElasticConsumer.Supervisor'}
     Context:    start_error
     Reason:     {function_clause,[{'Elixir.URI',parse,[nil],[{file,"lib/uri.ex"},{line,445}]},{'Elixir.URI',merge,2,[{file,"lib/uri.ex"},{line,572}]},{'Elixir.Elastix.HTTP',prepare_url,2,[{file,"lib/elastix/http.ex"},{line,11}]},{'Elixir.Elastix.Index',create,3,[{file,"lib/elastix/index.ex"},{line,20}]},{'Elixir.ElasticConsumer',init,0,[{file,"lib/elastic_consumer/elastic_consumer.ex"},{line,34}]},{'Elixir.GenRMQ.Consumer',init,1,[{file,"lib/consumer.ex"},{line,216}]},{gen_server,init_it,2,[{file,"gen_server.erl"},{line,374}]},{gen_server,init_it,6,[{file,"gen_server.erl"},{line,342}]}]}
     Offender:   [{pid,undefined},{id,'Elixir.ElasticConsumer'},{mfargs,{'Elixir.ElasticConsumer',start_link,[]}},{restart_type,permanent},{shutdown,5000},{child_type,worker}]

2019-03-22 00:35:53 =CRASH REPORT====
  crasher:
    initial call: application_master:init/4
    pid: <0.301.0>
    registered_name: []
    exception exit: {{{shutdown,{failed_to_start_child,'Elixir.ElasticConsumer',{function_clause,[{'Elixir.URI',parse,[nil],[{file,"lib/uri.ex"},{line,445}]},{'Elixir.URI',merge,2,[{file,"lib/uri.ex"},{line,572}]},{'Elixir.Elastix.HTTP',prepare_url,2,[{file,"lib/elastix/http.ex"},{line,11}]},{'Elixir.Elastix.Index',create,3,[{file,"lib/elastix/index.ex"},{line,20}]},{'Elixir.ElasticConsumer',init,0,[{file,"lib/elastic_consumer/elastic_consumer.ex"},{line,34}]},{'Elixir.GenRMQ.Consumer',init,1,[{file,"lib/consumer.ex"},{line,216}]},{gen_server,init_it,2,[{file,"gen_server.erl"},{line,374}]},{gen_server,init_it,6,[{file,"gen_server.erl"},{line,342}]}]}}},{'Elixir.ElasticConsumer.Application',start,[normal,[]]}},[{application_master,init,4,[{file,"application_master.erl"},{line,138}]},{proc_lib,init_p_do_apply,3,[{file,"proc_lib.erl"},{line,249}]}]}
    ancestors: [<0.300.0>]
    message_queue_len: 1
    messages: [{'EXIT',<0.302.0>,normal}]
    links: [<0.300.0>,<0.43.0>]
    dictionary: []
    trap_exit: true
    status: running
    heap_size: 987
    stack_size: 27
    reductions: 241
  neighbours:
2019-03-22 00:36:59 =SUPERVISOR REPORT====
     Supervisor: {local,'Elixir.ElasticConsumer.Supervisor'}
     Context:    start_error
     Reason:     {#{'__exception__' => true,'__struct__' => 'Elixir.ArgumentError',message => <<"you must merge onto an absolute URI">>},[{'Elixir.URI',merge,2,[{file,"lib/uri.ex"},{line,551}]},{'Elixir.Elastix.HTTP',prepare_url,2,[{file,"lib/elastix/http.ex"},{line,11}]},{'Elixir.Elastix.Index',create,3,[{file,"lib/elastix/index.ex"},{line,20}]},{'Elixir.ElasticConsumer',init,0,[{file,"lib/elastic_consumer/elastic_consumer.ex"},{line,34}]},{'Elixir.GenRMQ.Consumer',init,1,[{file,"lib/consumer.ex"},{line,216}]},{gen_server,init_it,2,[{file,"gen_server.erl"},{line,374}]},{gen_server,init_it,6,[{file,"gen_server.erl"},{line,342}]},{proc_lib,init_p_do_apply,3,[{file,"proc_lib.erl"},{line,249}]}]}
     Offender:   [{pid,undefined},{id,'Elixir.ElasticConsumer'},{mfargs,{'Elixir.ElasticConsumer',start_link,[]}},{restart_type,permanent},{shutdown,5000},{child_type,worker}]

2019-03-22 00:36:59 =CRASH REPORT====
  crasher:
    initial call: Elixir.GenRMQ.Consumer:init/1
    pid: <0.334.0>
    registered_name: []
    exception error: {#{'__exception__' => true,'__struct__' => 'Elixir.ArgumentError',message => <<"you must merge onto an absolute URI">>},[{'Elixir.URI',merge,2,[{file,"lib/uri.ex"},{line,551}]},{'Elixir.Elastix.HTTP',prepare_url,2,[{file,"lib/elastix/http.ex"},{line,11}]},{'Elixir.Elastix.Index',create,3,[{file,"lib/elastix/index.ex"},{line,20}]},{'Elixir.ElasticConsumer',init,0,[{file,"lib/elastic_consumer/elastic_consumer.ex"},{line,34}]},{'Elixir.GenRMQ.Consumer',init,1,[{file,"lib/consumer.ex"},{line,216}]},{gen_server,init_it,2,[{file,"gen_server.erl"},{line,374}]},{gen_server,init_it,6,[{file,"gen_server.erl"},{line,342}]},{proc_lib,init_p_do_apply,3,[{file,"proc_lib.erl"},{line,249}]}]}
    ancestors: ['Elixir.ElasticConsumer.Supervisor',<0.332.0>]
    message_queue_len: 0
    messages: []
    links: [<0.333.0>]
    dictionary: []
    trap_exit: true
    status: running
    heap_size: 987
    stack_size: 27
    reductions: 611
  neighbours:
2019-03-22 00:36:59 =CRASH REPORT====
  crasher:
    initial call: application_master:init/4
    pid: <0.331.0>
    registered_name: []
    exception exit: {{{shutdown,{failed_to_start_child,'Elixir.ElasticConsumer',{#{'__exception__' => true,'__struct__' => 'Elixir.ArgumentError',message => <<"you must merge onto an absolute URI">>},[{'Elixir.URI',merge,2,[{file,"lib/uri.ex"},{line,551}]},{'Elixir.Elastix.HTTP',prepare_url,2,[{file,"lib/elastix/http.ex"},{line,11}]},{'Elixir.Elastix.Index',create,3,[{file,"lib/elastix/index.ex"},{line,20}]},{'Elixir.ElasticConsumer',init,0,[{file,"lib/elastic_consumer/elastic_consumer.ex"},{line,34}]},{'Elixir.GenRMQ.Consumer',init,1,[{file,"lib/consumer.ex"},{line,216}]},{gen_server,init_it,2,[{file,"gen_server.erl"},{line,374}]},{gen_server,init_it,6,[{file,"gen_server.erl"},{line,342}]},{proc_lib,init_p_do_apply,3,[{file,"proc_lib.erl"},{line,249}]}]}}},{'Elixir.ElasticConsumer.Application',start,[normal,[]]}},[{application_master,init,4,[{file,"application_master.erl"},{line,138}]},{proc_lib,init_p_do_apply,3,[{file,"proc_lib.erl"},{line,249}]}]}
    ancestors: [<0.330.0>]
    message_queue_len: 1
    messages: [{'EXIT',<0.332.0>,normal}]
    links: [<0.330.0>,<0.43.0>]
    dictionary: []
    trap_exit: true
    status: running
    heap_size: 610
    stack_size: 27
    reductions: 242
  neighbours:
2019-04-14 17:53:50 =CRASH REPORT====
  crasher:
    initial call: Elixir.GenRMQ.Consumer:init/1
    pid: <0.304.0>
    registered_name: []
    exception error: {function_clause,[{'Elixir.AMQP.Connection',open,[nil],[{file,"lib/amqp/connection.ex"},{line,75}]},{'Elixir.GenRMQ.Consumer',get_connection,1,[{file,"lib/consumer.ex"},{line,330}]},{'Elixir.GenRMQ.Consumer',init,1,[{file,"lib/consumer.ex"},{line,222}]},{gen_server,init_it,2,[{file,"gen_server.erl"},{line,374}]},{gen_server,init_it,6,[{file,"gen_server.erl"},{line,342}]},{proc_lib,init_p_do_apply,3,[{file,"proc_lib.erl"},{line,249}]}]}
    ancestors: ['Elixir.ElasticConsumer.Supervisor',<0.302.0>]
    message_queue_len: 0
    messages: []
    links: [<0.303.0>]
    dictionary: []
    trap_exit: true
    status: running
    heap_size: 2586
    stack_size: 27
    reductions: 9733
  neighbours:
2019-04-14 17:53:50 =SUPERVISOR REPORT====
     Supervisor: {local,'Elixir.ElasticConsumer.Supervisor'}
     Context:    start_error
     Reason:     {function_clause,[{'Elixir.AMQP.Connection',open,[nil],[{file,"lib/amqp/connection.ex"},{line,75}]},{'Elixir.GenRMQ.Consumer',get_connection,1,[{file,"lib/consumer.ex"},{line,330}]},{'Elixir.GenRMQ.Consumer',init,1,[{file,"lib/consumer.ex"},{line,222}]},{gen_server,init_it,2,[{file,"gen_server.erl"},{line,374}]},{gen_server,init_it,6,[{file,"gen_server.erl"},{line,342}]},{proc_lib,init_p_do_apply,3,[{file,"proc_lib.erl"},{line,249}]}]}
     Offender:   [{pid,undefined},{id,'Elixir.ElasticConsumer'},{mfargs,{'Elixir.ElasticConsumer',start_link,[]}},{restart_type,permanent},{shutdown,5000},{child_type,worker}]

2019-04-14 17:53:50 =CRASH REPORT====
  crasher:
    initial call: application_master:init/4
    pid: <0.301.0>
    registered_name: []
    exception exit: {{{shutdown,{failed_to_start_child,'Elixir.ElasticConsumer',{function_clause,[{'Elixir.AMQP.Connection',open,[nil],[{file,"lib/amqp/connection.ex"},{line,75}]},{'Elixir.GenRMQ.Consumer',get_connection,1,[{file,"lib/consumer.ex"},{line,330}]},{'Elixir.GenRMQ.Consumer',init,1,[{file,"lib/consumer.ex"},{line,222}]},{gen_server,init_it,2,[{file,"gen_server.erl"},{line,374}]},{gen_server,init_it,6,[{file,"gen_server.erl"},{line,342}]},{proc_lib,init_p_do_apply,3,[{file,"proc_lib.erl"},{line,249}]}]}}},{'Elixir.ElasticConsumer.Application',start,[normal,[]]}},[{application_master,init,4,[{file,"application_master.erl"},{line,138}]},{proc_lib,init_p_do_apply,3,[{file,"proc_lib.erl"},{line,249}]}]}
    ancestors: [<0.300.0>]
    message_queue_len: 1
    messages: [{'EXIT',<0.302.0>,normal}]
    links: [<0.300.0>,<0.43.0>]
    dictionary: []
    trap_exit: true
    status: running
    heap_size: 987
    stack_size: 27
    reductions: 231
  neighbours:
2019-04-23 00:59:25 =CRASH REPORT====
  crasher:
    initial call: Elixir.GenRMQ.Consumer:init/1
    pid: <0.293.0>
    registered_name: []
    exception exit: {{{shutdown,{server_initiated_close,406,<<"PRECONDITION_FAILED - inequivalent arg 'x-dead-letter-exchange' for queue 'create_user' in vhost '/': received 'user.deadletter' but current is 'seraph.deadletter'">>}},{gen_server,call,[<0.308.0>,{call,{'queue.declare',0,<<"create_user">>,false,true,false,false,false,[{<<"x-dead-letter-exchange">>,longstr,<<"user.deadletter">>}]},none,<0.293.0>},60000]}},[{gen_server,call,3,[{file,"gen_server.erl"},{line,223}]},{'Elixir.AMQP.Queue',declare,3,[{file,"lib/amqp/queue.ex"},{line,35}]},{'Elixir.GenRMQ.Consumer',setup_consumer,1,[{file,"lib/consumer.ex"},{line,373}]},{'Elixir.GenRMQ.Consumer',init,1,[{file,"lib/consumer.ex"},{line,224}]},{gen_server,init_it,2,[{file,"gen_server.erl"},{line,374}]},{gen_server,init_it,6,[{file,"gen_server.erl"},{line,342}]},{proc_lib,init_p_do_apply,3,[{file,"proc_lib.erl"},{line,249}]}]}
    ancestors: ['Elixir.ElasticConsumer.Supervisor',<0.291.0>]
    message_queue_len: 0
    messages: []
    links: [<0.292.0>]
    dictionary: [{gen_server_call_timeout,60000}]
    trap_exit: true
    status: running
    heap_size: 1598
    stack_size: 27
    reductions: 11436
  neighbours:
2019-04-23 00:59:25 =SUPERVISOR REPORT====
     Supervisor: {local,'Elixir.ElasticConsumer.Supervisor'}
     Context:    start_error
     Reason:     {{shutdown,{server_initiated_close,406,<<"PRECONDITION_FAILED - inequivalent arg 'x-dead-letter-exchange' for queue 'create_user' in vhost '/': received 'user.deadletter' but current is 'seraph.deadletter'">>}},{gen_server,call,[<0.308.0>,{call,{'queue.declare',0,<<"create_user">>,false,true,false,false,false,[{<<"x-dead-letter-exchange">>,longstr,<<"user.deadletter">>}]},none,<0.293.0>},60000]}}
     Offender:   [{pid,undefined},{id,'Elixir.ElasticConsumer'},{mfargs,{'Elixir.ElasticConsumer',start_link,[]}},{restart_type,permanent},{shutdown,5000},{child_type,worker}]

2019-04-23 00:59:25 =CRASH REPORT====
  crasher:
    initial call: application_master:init/4
    pid: <0.290.0>
    registered_name: []
    exception exit: {{{shutdown,{failed_to_start_child,'Elixir.ElasticConsumer',{{shutdown,{server_initiated_close,406,<<"PRECONDITION_FAILED - inequivalent arg 'x-dead-letter-exchange' for queue 'create_user' in vhost '/': received 'user.deadletter' but current is 'seraph.deadletter'">>}},{gen_server,call,[<0.308.0>,{call,{'queue.declare',0,<<"create_user">>,false,true,false,false,false,[{<<"x-dead-letter-exchange">>,longstr,<<"user.deadletter">>}]},none,<0.293.0>},60000]}}}},{'Elixir.ElasticConsumer.Application',start,[normal,[]]}},[{application_master,init,4,[{file,"application_master.erl"},{line,138}]},{proc_lib,init_p_do_apply,3,[{file,"proc_lib.erl"},{line,249}]}]}
    ancestors: [<0.289.0>]
    message_queue_len: 1
    messages: [{'EXIT',<0.291.0>,normal}]
    links: [<0.289.0>,<0.43.0>]
    dictionary: []
    trap_exit: true
    status: running
    heap_size: 610
    stack_size: 27
    reductions: 220
  neighbours:
2019-04-26 09:38:24 =CRASH REPORT====
  crasher:
    initial call: Elixir.GenRMQ.Consumer:init/1
    pid: <0.302.0>
    registered_name: []
    exception exit: {{{shutdown,{server_initiated_close,406,<<"PRECONDITION_FAILED - inequivalent arg 'type' for exchange 'seraph' in vhost '/': received 'topic' but current is 'fanout'">>}},{gen_server,call,[<0.317.0>,{call,{'exchange.declare',0,<<"seraph">>,<<"topic">>,false,true,false,false,false,[]},none,<0.302.0>},60000]}},[{gen_server,call,3,[{file,"gen_server.erl"},{line,223}]},{'Elixir.AMQP.Exchange',declare,4,[{file,"lib/amqp/exchange.ex"},{line,42}]},{'Elixir.GenRMQ.Consumer',setup_consumer,1,[{file,"lib/consumer.ex"},{line,374}]},{'Elixir.GenRMQ.Consumer',init,1,[{file,"lib/consumer.ex"},{line,224}]},{gen_server,init_it,2,[{file,"gen_server.erl"},{line,374}]},{gen_server,init_it,6,[{file,"gen_server.erl"},{line,342}]},{proc_lib,init_p_do_apply,3,[{file,"proc_lib.erl"},{line,249}]}]}
    ancestors: ['Elixir.ElasticConsumer.Supervisor',<0.300.0>]
    message_queue_len: 0
    messages: []
    links: [<0.301.0>]
    dictionary: [{gen_server_call_timeout,60000}]
    trap_exit: true
    status: running
    heap_size: 987
    stack_size: 27
    reductions: 11403
  neighbours:
2019-04-26 09:39:58 =ERROR REPORT====
** Generic server 'Elixir.ElasticConsumer' terminating 
** Last message in was init
** When Server state == #{config => [{queue,<<"create_user">>},{exchange,<<"seraph">>},{exchange_type,<<"fanout">>},{routing_key,<<>>},{prefetch_count,<<"10">>},{uri,<<"amqp://user:bitnami@localhost:5672">>}],module => 'Elixir.ElasticConsumer',reconnect_attempt => 0}
** Reason for termination == 
** {function_clause,[{'Elixir.GenRMQ.Consumer',terminate,[{{shutdown,{server_initiated_close,406,<<"PRECONDITION_FAILED - inequivalent arg 'type' for exchange 'seraph.deadletter' in vhost '/': received 'fanout' but current is 'topic'">>}},{gen_server,call,[<0.338.0>,{call,{'exchange.declare',0,<<"seraph.deadletter">>,<<"fanout">>,false,true,false,false,false,[]},none,<0.323.0>},60000]}},#{config => [{queue,<<"create_user">>},{exchange,<<"seraph">>},{exchange_type,<<"fanout">>},{routing_key,<<>>},{prefetch_count,<<"10">>},{uri,<<"amqp://user:bitnami@localhost:5672">>}],module => 'Elixir.ElasticConsumer',reconnect_attempt => 0}],[{file,"lib/consumer.ex"},{line,295}]},{gen_server,try_terminate,3,[{file,"gen_server.erl"},{line,673}]},{gen_server,terminate,10,[{file,"gen_server.erl"},{line,858}]},{proc_lib,init_p_do_apply,3,[{file,"proc_lib.erl"},{line,249}]}]}
2019-04-26 09:39:58 =CRASH REPORT====
  crasher:
    initial call: Elixir.GenRMQ.Consumer:init/1
    pid: <0.323.0>
    registered_name: 'Elixir.ElasticConsumer'
    exception error: {function_clause,[{'Elixir.GenRMQ.Consumer',terminate,[{{shutdown,{server_initiated_close,406,<<"PRECONDITION_FAILED - inequivalent arg 'type' for exchange 'seraph.deadletter' in vhost '/': received 'fanout' but current is 'topic'">>}},{gen_server,call,[<0.338.0>,{call,{'exchange.declare',0,<<"seraph.deadletter">>,<<"fanout">>,false,true,false,false,false,[]},none,<0.323.0>},60000]}},#{config => [{queue,<<"create_user">>},{exchange,<<"seraph">>},{exchange_type,<<"fanout">>},{routing_key,<<>>},{prefetch_count,<<"10">>},{uri,<<"amqp://user:bitnami@localhost:5672">>}],module => 'Elixir.ElasticConsumer',reconnect_attempt => 0}],[{file,"lib/consumer.ex"},{line,295}]},{gen_server,try_terminate,3,[{file,"gen_server.erl"},{line,673}]},{gen_server,terminate,10,[{file,"gen_server.erl"},{line,858}]},{proc_lib,init_p_do_apply,3,[{file,"proc_lib.erl"},{line,249}]}]}
    ancestors: ['Elixir.ElasticConsumer.Supervisor',<0.321.0>]
    message_queue_len: 0
    messages: []
    links: [<0.322.0>]
    dictionary: [{gen_server_call_timeout,60000}]
    trap_exit: true
    status: running
    heap_size: 10958
    stack_size: 27
    reductions: 20966
  neighbours:
2019-04-26 09:39:58 =SUPERVISOR REPORT====
     Supervisor: {local,'Elixir.ElasticConsumer.Supervisor'}
     Context:    child_terminated
     Reason:     {function_clause,[{'Elixir.GenRMQ.Consumer',terminate,[{{shutdown,{server_initiated_close,406,<<"PRECONDITION_FAILED - inequivalent arg 'type' for exchange 'seraph.deadletter' in vhost '/': received 'fanout' but current is 'topic'">>}},{gen_server,call,[<0.338.0>,{call,{'exchange.declare',0,<<"seraph.deadletter">>,<<"fanout">>,false,true,false,false,false,[]},none,<0.323.0>},60000]}},#{config => [{queue,<<"create_user">>},{exchange,<<"seraph">>},{exchange_type,<<"fanout">>},{routing_key,<<>>},{prefetch_count,<<"10">>},{uri,<<"amqp://user:bitnami@localhost:5672">>}],module => 'Elixir.ElasticConsumer',reconnect_attempt => 0}],[{file,"lib/consumer.ex"},{line,295}]},{gen_server,try_terminate,3,[{file,"gen_server.erl"},{line,673}]},{gen_server,terminate,10,[{file,"gen_server.erl"},{line,858}]},{proc_lib,init_p_do_apply,3,[{file,"proc_lib.erl"},{line,249}]}]}
     Offender:   [{pid,<0.323.0>},{id,'Elixir.ElasticConsumer'},{mfargs,{'Elixir.ElasticConsumer',start_link,[]}},{restart_type,permanent},{shutdown,5000},{child_type,worker}]

2019-04-26 09:49:03 =ERROR REPORT====
** Generic server 'Elixir.ElasticConsumer' terminating 
** Last message in was init
** When Server state == #{config => [{queue,<<"create_user">>},{exchange,<<"seraph">>},{exchange_type,<<"fanout">>},{routing_key,<<>>},{prefetch_count,<<"10">>},{uri,<<"amqp://user:bitnami@localhost:5672">>}],module => 'Elixir.ElasticConsumer',reconnect_attempt => 0}
** Reason for termination == 
** {function_clause,[{'Elixir.GenRMQ.Consumer',terminate,[{{shutdown,{server_initiated_close,406,<<"PRECONDITION_FAILED - inequivalent arg 'type' for exchange 'seraph.deadletter' in vhost '/': received 'fanout' but current is 'topic'">>}},{gen_server,call,[<0.338.0>,{call,{'exchange.declare',0,<<"seraph.deadletter">>,<<"fanout">>,false,true,false,false,false,[]},none,<0.323.0>},60000]}},#{config => [{queue,<<"create_user">>},{exchange,<<"seraph">>},{exchange_type,<<"fanout">>},{routing_key,<<>>},{prefetch_count,<<"10">>},{uri,<<"amqp://user:bitnami@localhost:5672">>}],module => 'Elixir.ElasticConsumer',reconnect_attempt => 0}],[{file,"lib/consumer.ex"},{line,295}]},{gen_server,try_terminate,3,[{file,"gen_server.erl"},{line,673}]},{gen_server,terminate,10,[{file,"gen_server.erl"},{line,858}]},{proc_lib,init_p_do_apply,3,[{file,"proc_lib.erl"},{line,249}]}]}
2019-04-26 09:49:03 =CRASH REPORT====
  crasher:
    initial call: Elixir.GenRMQ.Consumer:init/1
    pid: <0.323.0>
    registered_name: 'Elixir.ElasticConsumer'
    exception error: {function_clause,[{'Elixir.GenRMQ.Consumer',terminate,[{{shutdown,{server_initiated_close,406,<<"PRECONDITION_FAILED - inequivalent arg 'type' for exchange 'seraph.deadletter' in vhost '/': received 'fanout' but current is 'topic'">>}},{gen_server,call,[<0.338.0>,{call,{'exchange.declare',0,<<"seraph.deadletter">>,<<"fanout">>,false,true,false,false,false,[]},none,<0.323.0>},60000]}},#{config => [{queue,<<"create_user">>},{exchange,<<"seraph">>},{exchange_type,<<"fanout">>},{routing_key,<<>>},{prefetch_count,<<"10">>},{uri,<<"amqp://user:bitnami@localhost:5672">>}],module => 'Elixir.ElasticConsumer',reconnect_attempt => 0}],[{file,"lib/consumer.ex"},{line,295}]},{gen_server,try_terminate,3,[{file,"gen_server.erl"},{line,673}]},{gen_server,terminate,10,[{file,"gen_server.erl"},{line,858}]},{proc_lib,init_p_do_apply,3,[{file,"proc_lib.erl"},{line,249}]}]}
    ancestors: ['Elixir.ElasticConsumer.Supervisor',<0.321.0>]
    message_queue_len: 0
    messages: []
    links: [<0.322.0>]
    dictionary: [{gen_server_call_timeout,60000}]
    trap_exit: true
    status: running
    heap_size: 10958
    stack_size: 27
    reductions: 20961
  neighbours:
2019-04-26 09:49:03 =SUPERVISOR REPORT====
     Supervisor: {local,'Elixir.ElasticConsumer.Supervisor'}
     Context:    child_terminated
     Reason:     {function_clause,[{'Elixir.GenRMQ.Consumer',terminate,[{{shutdown,{server_initiated_close,406,<<"PRECONDITION_FAILED - inequivalent arg 'type' for exchange 'seraph.deadletter' in vhost '/': received 'fanout' but current is 'topic'">>}},{gen_server,call,[<0.338.0>,{call,{'exchange.declare',0,<<"seraph.deadletter">>,<<"fanout">>,false,true,false,false,false,[]},none,<0.323.0>},60000]}},#{config => [{queue,<<"create_user">>},{exchange,<<"seraph">>},{exchange_type,<<"fanout">>},{routing_key,<<>>},{prefetch_count,<<"10">>},{uri,<<"amqp://user:bitnami@localhost:5672">>}],module => 'Elixir.ElasticConsumer',reconnect_attempt => 0}],[{file,"lib/consumer.ex"},{line,295}]},{gen_server,try_terminate,3,[{file,"gen_server.erl"},{line,673}]},{gen_server,terminate,10,[{file,"gen_server.erl"},{line,858}]},{proc_lib,init_p_do_apply,3,[{file,"proc_lib.erl"},{line,249}]}]}
     Offender:   [{pid,<0.323.0>},{id,'Elixir.ElasticConsumer'},{mfargs,{'Elixir.ElasticConsumer',start_link,[]}},{restart_type,permanent},{shutdown,5000},{child_type,worker}]

2019-04-26 20:03:05 =ERROR REPORT====
** Generic server <0.299.0> terminating 
** Last message in was socket_closed
** When Server state == {state,amqp_network_connection,{state,#Port<0.9>,<<"client 127.0.0.1:34707 -> 127.0.0.1:5672">>,10,<0.302.0>,131072,<0.298.0>,undefined,false},<0.301.0>,{amqp_params_network,<<"user">>,<<"bitnami">>,<<"/">>,"localhost",5672,2047,0,10,60000,none,[#Fun<amqp_uri.12.131604370>,#Fun<amqp_uri.12.131604370>],[],[]},2047,[{<<"capabilities">>,table,[{<<"publisher_confirms">>,bool,true},{<<"exchange_exchange_bindings">>,bool,true},{<<"basic.nack">>,bool,true},{<<"consumer_cancel_notify">>,bool,true},{<<"connection.blocked">>,bool,true},{<<"consumer_priorities">>,bool,true},{<<"authentication_failure_close">>,bool,true},{<<"per_consumer_qos">>,bool,true},{<<"direct_reply_to">>,bool,true}]},{<<"cluster_name">>,longstr,<<"rabbit@d3bc8d703843">>},{<<"copyright">>,longstr,<<"Copyright (C) 2007-2018 Pivotal Software, Inc.">>},{<<"information">>,longstr,<<"Licensed under the MPL.  See http://www.rabbitmq.com/">>},{<<"platform">>,longstr,<<"Erlang/OTP 21.2">>},{<<"product">>,longstr,<<"RabbitMQ">>},{<<"version">>,longstr,<<"3.7.10">>}],none,false}
** Reason for termination == 
** socket_closed_unexpectedly
2019-04-26 20:03:05 =CRASH REPORT====
  crasher:
    initial call: amqp_gen_connection:init/1
    pid: <0.299.0>
    registered_name: []
    exception exit: {socket_closed_unexpectedly,[{gen_server,handle_common_reply,8,[{file,"gen_server.erl"},{line,751}]},{proc_lib,init_p_do_apply,3,[{file,"proc_lib.erl"},{line,249}]}]}
    ancestors: [<0.297.0>,amqp_sup,<0.285.0>]
    message_queue_len: 0
    messages: []
    links: [<0.297.0>,#Port<0.9>]
    dictionary: [{process_name,{amqp_gen_connection,<<"client 127.0.0.1:34707 -> 127.0.0.1:5672">>}},{gen_server_call_timeout,60000}]
    trap_exit: true
    status: running
    heap_size: 4185
    stack_size: 27
    reductions: 13647
  neighbours:
2019-04-26 20:03:05 =SUPERVISOR REPORT====
     Supervisor: {<0.297.0>,amqp_connection_sup}
     Context:    child_terminated
     Reason:     socket_closed_unexpectedly
     Offender:   [{pid,<0.299.0>},{name,connection},{mfargs,{amqp_gen_connection,start_link,[<0.298.0>,{amqp_params_network,<<"user">>,<<"bitnami">>,<<"/">>,"localhost",5672,2047,0,10,60000,none,[#Fun<amqp_uri.12.131604370>,#Fun<amqp_uri.12.131604370>],[],[]}]}},{restart_type,intrinsic},{shutdown,brutal_kill},{child_type,worker}]

2019-04-26 20:03:05 =SUPERVISOR REPORT====
     Supervisor: {<0.297.0>,amqp_connection_sup}
     Context:    shutdown
     Reason:     reached_max_restart_intensity
     Offender:   [{pid,<0.299.0>},{name,connection},{mfargs,{amqp_gen_connection,start_link,[<0.298.0>,{amqp_params_network,<<"user">>,<<"bitnami">>,<<"/">>,"localhost",5672,2047,0,10,60000,none,[#Fun<amqp_uri.12.131604370>,#Fun<amqp_uri.12.131604370>],[],[]}]}},{restart_type,intrinsic},{shutdown,brutal_kill},{child_type,worker}]

